{"numFailedTestSuites":6,"numFailedTests":1,"numPassedTestSuites":12,"numPassedTests":17,"numPendingTestSuites":0,"numPendingTests":0,"numRuntimeErrorTestSuites":5,"numTodoTests":0,"numTotalTestSuites":18,"numTotalTests":18,"openHandles":[],"snapshot":{"added":0,"didUpdate":false,"failure":false,"filesAdded":0,"filesRemoved":0,"filesRemovedList":[],"filesUnmatched":0,"filesUpdated":0,"matched":0,"total":0,"unchecked":0,"uncheckedKeysByFile":[],"unmatched":0,"updated":0},"startTime":1679619439710,"success":false,"testResults":[{"assertionResults":[{"ancestorTitles":["UsersService"],"duration":17,"failureDetails":[],"failureMessages":[],"fullName":"UsersService get user salary: Returning a Promise","invocations":1,"location":null,"numPassingAsserts":1,"retryReasons":[],"status":"passed","title":"get user salary: Returning a Promise"},{"ancestorTitles":["UsersService"],"duration":3,"failureDetails":[{}],"failureMessages":["TypeError: Cannot read properties of undefined (reading 'length')\n    at C:\\Users\\KamsAdmin\\PRJS\\Angular\\TestAngular\\src\\app\\services\\users.service.spec.ts:112:43\n    at _ZoneDelegate.Object.<anonymous>._ZoneDelegate.invoke (C:\\Users\\KamsAdmin\\PRJS\\Angular\\TestAngular\\node_modules\\zone.js\\bundles\\zone-testing-bundle.umd.js:409:30)\n    at ProxyZoneSpec.Object.<anonymous>.ProxyZoneSpec.onInvoke (C:\\Users\\KamsAdmin\\PRJS\\Angular\\TestAngular\\node_modules\\zone.js\\bundles\\zone-testing-bundle.umd.js:3830:43)\n    at _ZoneDelegate.Object.<anonymous>._ZoneDelegate.invoke (C:\\Users\\KamsAdmin\\PRJS\\Angular\\TestAngular\\node_modules\\zone.js\\bundles\\zone-testing-bundle.umd.js:408:56)\n    at Zone.Object.<anonymous>.Zone.run (C:\\Users\\KamsAdmin\\PRJS\\Angular\\TestAngular\\node_modules\\zone.js\\bundles\\zone-testing-bundle.umd.js:169:47)\n    at Object.wrappedFunc (C:\\Users\\KamsAdmin\\PRJS\\Angular\\TestAngular\\node_modules\\zone.js\\bundles\\zone-testing-bundle.umd.js:4330:34)\n    at Promise.then.completed (C:\\Users\\KamsAdmin\\PRJS\\Angular\\TestAngular\\node_modules\\jest-circus\\build\\utils.js:293:28)\n    at new Promise (<anonymous>)\n    at callAsyncCircusFn (C:\\Users\\KamsAdmin\\PRJS\\Angular\\TestAngular\\node_modules\\jest-circus\\build\\utils.js:226:10)\n    at _callCircusTest (C:\\Users\\KamsAdmin\\PRJS\\Angular\\TestAngular\\node_modules\\jest-circus\\build\\run.js:297:40)\n    at _runTest (C:\\Users\\KamsAdmin\\PRJS\\Angular\\TestAngular\\node_modules\\jest-circus\\build\\run.js:233:3)\n    at _runTestsForDescribeBlock (C:\\Users\\KamsAdmin\\PRJS\\Angular\\TestAngular\\node_modules\\jest-circus\\build\\run.js:135:9)\n    at _runTestsForDescribeBlock (C:\\Users\\KamsAdmin\\PRJS\\Angular\\TestAngular\\node_modules\\jest-circus\\build\\run.js:130:9)\n    at run (C:\\Users\\KamsAdmin\\PRJS\\Angular\\TestAngular\\node_modules\\jest-circus\\build\\run.js:68:3)\n    at runAndTransformResultsToJestFormat (C:\\Users\\KamsAdmin\\PRJS\\Angular\\TestAngular\\node_modules\\jest-circus\\build\\legacy-code-todo-rewrite\\jestAdapterInit.js:122:21)"],"fullName":"UsersService get user languages: When UsersService has a dependency.Test must pass.","invocations":1,"location":null,"numPassingAsserts":0,"retryReasons":[],"status":"failed","title":"get user languages: When UsersService has a dependency.Test must pass."},{"ancestorTitles":["UsersService"],"duration":3,"failureDetails":[],"failureMessages":[],"fullName":"UsersService get users","invocations":1,"location":null,"numPassingAsserts":1,"retryReasons":[],"status":"passed","title":"get users"}],"endTime":1679619442587,"message":"\u001b[1m\u001b[31m  \u001b[1m● \u001b[22m\u001b[1mUsersService › get user languages: When UsersService has a dependency.Test must pass.\u001b[39m\u001b[22m\n\n    TypeError: Cannot read properties of undefined (reading 'length')\n\u001b[2m\u001b[22m\n\u001b[2m    \u001b[0m \u001b[90m 110 |\u001b[39m   \u001b[90m//get user languages\u001b[39m\u001b[0m\u001b[22m\n\u001b[2m    \u001b[0m \u001b[90m 111 |\u001b[39m   test(\u001b[32m'get user languages: When UsersService has a dependency.Test must pass.'\u001b[39m\u001b[33m,\u001b[39m()\u001b[33m=>\u001b[39m{\u001b[0m\u001b[22m\n\u001b[2m    \u001b[0m\u001b[31m\u001b[1m>\u001b[22m\u001b[2m\u001b[39m\u001b[90m 112 |\u001b[39m     expect(userService\u001b[33m.\u001b[39mgetUserLanguages(\u001b[35m1\u001b[39m)\u001b[33m.\u001b[39mlength)\u001b[33m.\u001b[39mtoBeGreaterThan(stubValue\u001b[33m.\u001b[39mlength)\u001b[33m;\u001b[39m \u001b[90m//\u001b[39m\u001b[0m\u001b[22m\n\u001b[2m    \u001b[0m \u001b[90m     |\u001b[39m                                           \u001b[31m\u001b[1m^\u001b[22m\u001b[2m\u001b[39m\u001b[0m\u001b[22m\n\u001b[2m    \u001b[0m \u001b[90m 113 |\u001b[39m    })\u001b[0m\u001b[22m\n\u001b[2m    \u001b[0m \u001b[90m 114 |\u001b[39m\u001b[0m\u001b[22m\n\u001b[2m    \u001b[0m \u001b[90m 115 |\u001b[39m    test(\u001b[32m'get users'\u001b[39m\u001b[33m,\u001b[39m()\u001b[33m=>\u001b[39m{\u001b[0m\u001b[22m\n\u001b[2m\u001b[22m\n\u001b[2m      \u001b[2mat \u001b[22m\u001b[2m\u001b[0m\u001b[36msrc/app/services/users.service.spec.ts\u001b[39m\u001b[0m\u001b[2m:112:43\u001b[22m\u001b[2m\u001b[22m\n\u001b[2m      \u001b[2mat _ZoneDelegate.Object.<anonymous>._ZoneDelegate.invoke (\u001b[22m\u001b[2mnode_modules/zone.js/bundles/zone-testing-bundle.umd.js\u001b[2m:409:30)\u001b[22m\u001b[2m\u001b[22m\n\u001b[2m      \u001b[2mat ProxyZoneSpec.Object.<anonymous>.ProxyZoneSpec.onInvoke (\u001b[22m\u001b[2mnode_modules/zone.js/bundles/zone-testing-bundle.umd.js\u001b[2m:3830:43)\u001b[22m\u001b[2m\u001b[22m\n\u001b[2m      \u001b[2mat _ZoneDelegate.Object.<anonymous>._ZoneDelegate.invoke (\u001b[22m\u001b[2mnode_modules/zone.js/bundles/zone-testing-bundle.umd.js\u001b[2m:408:56)\u001b[22m\u001b[2m\u001b[22m\n\u001b[2m      \u001b[2mat Zone.Object.<anonymous>.Zone.run (\u001b[22m\u001b[2mnode_modules/zone.js/bundles/zone-testing-bundle.umd.js\u001b[2m:169:47)\u001b[22m\u001b[2m\u001b[22m\n\u001b[2m      \u001b[2mat Object.wrappedFunc (\u001b[22m\u001b[2mnode_modules/zone.js/bundles/zone-testing-bundle.umd.js\u001b[2m:4330:34)\u001b[22m\u001b[2m\u001b[22m\n","name":"C:\\Users\\KamsAdmin\\PRJS\\Angular\\TestAngular\\src\\app\\services\\users.service.spec.ts","startTime":1679619440272,"status":"failed","summary":""},{"assertionResults":[{"ancestorTitles":["TestFileUploadComponent"],"duration":308,"failureDetails":[],"failureMessages":[],"fullName":"TestFileUploadComponent should create","invocations":1,"location":null,"numPassingAsserts":1,"retryReasons":[],"status":"passed","title":"should create"}],"endTime":1679619443312,"message":"","name":"C:\\Users\\KamsAdmin\\PRJS\\Angular\\TestAngular\\src\\app\\components\\test-file-upload\\test-file-upload.component.spec.ts","startTime":1679619442627,"status":"passed","summary":""},{"assertionResults":[{"ancestorTitles":["AppComponent"],"duration":24,"failureDetails":[],"failureMessages":[],"fullName":"AppComponent should create the app","invocations":1,"location":null,"numPassingAsserts":1,"retryReasons":[],"status":"passed","title":"should create the app"},{"ancestorTitles":["AppComponent"],"duration":5,"failureDetails":[],"failureMessages":[],"fullName":"AppComponent should have as title 'TestAngular'","invocations":1,"location":null,"numPassingAsserts":1,"retryReasons":[],"status":"passed","title":"should have as title 'TestAngular'"}],"endTime":1679619443745,"message":"","name":"C:\\Users\\KamsAdmin\\PRJS\\Angular\\TestAngular\\src\\app\\app.component.spec.ts","startTime":1679619443348,"status":"passed","summary":""},{"assertionResults":[{"ancestorTitles":["TestMatTablesComponent"],"duration":115,"failureDetails":[],"failureMessages":[],"fullName":"TestMatTablesComponent should create","invocations":1,"location":null,"numPassingAsserts":1,"retryReasons":[],"status":"passed","title":"should create"}],"endTime":1679619444221,"message":"","name":"C:\\Users\\KamsAdmin\\PRJS\\Angular\\TestAngular\\src\\app\\components\\test-mat-tables\\test-mat-tables.component.spec.ts","startTime":1679619443774,"status":"passed","summary":""},{"assertionResults":[{"ancestorTitles":["TestDirectivesComponent"],"duration":104,"failureDetails":[],"failureMessages":[],"fullName":"TestDirectivesComponent should create","invocations":1,"location":null,"numPassingAsserts":1,"retryReasons":[],"status":"passed","title":"should create"}],"endTime":1679619444672,"message":"","name":"C:\\Users\\KamsAdmin\\PRJS\\Angular\\TestAngular\\src\\app\\components\\test-directives\\test-directives.component.spec.ts","startTime":1679619444254,"status":"passed","summary":""},{"assertionResults":[{"ancestorTitles":["TestImageMagnifierComponent"],"duration":48,"failureDetails":[],"failureMessages":[],"fullName":"TestImageMagnifierComponent should create","invocations":1,"location":null,"numPassingAsserts":1,"retryReasons":[],"status":"passed","title":"should create"}],"endTime":1679619445101,"message":"","name":"C:\\Users\\KamsAdmin\\PRJS\\Angular\\TestAngular\\src\\app\\components\\test-image-magnifier\\test-image-magnifier.component.spec.ts","startTime":1679619444704,"status":"passed","summary":""},{"assertionResults":[{"ancestorTitles":["UnitTestComponenetComponent"],"duration":32,"failureDetails":[],"failureMessages":[],"fullName":"UnitTestComponenetComponent should create","invocations":1,"location":null,"numPassingAsserts":1,"retryReasons":[],"status":"passed","title":"should create"}],"endTime":1679619445510,"message":"","name":"C:\\Users\\KamsAdmin\\PRJS\\Angular\\TestAngular\\src\\app\\components\\unit-test-componenet\\unit-test-componenet.component.spec.ts","startTime":1679619445133,"status":"passed","summary":""},{"assertionResults":[{"ancestorTitles":["GetAzureADTokenComponent"],"duration":34,"failureDetails":[],"failureMessages":[],"fullName":"GetAzureADTokenComponent should create","invocations":1,"location":null,"numPassingAsserts":1,"retryReasons":[],"status":"passed","title":"should create"}],"endTime":1679619445928,"message":"","name":"C:\\Users\\KamsAdmin\\PRJS\\Angular\\TestAngular\\src\\app\\components\\get-azure-adtoken\\get-azure-adtoken.component.spec.ts","startTime":1679619445538,"status":"passed","summary":""},{"assertionResults":[{"ancestorTitles":["TestPhotoCaptureComponent"],"duration":38,"failureDetails":[],"failureMessages":[],"fullName":"TestPhotoCaptureComponent should create","invocations":1,"location":null,"numPassingAsserts":1,"retryReasons":[],"status":"passed","title":"should create"}],"endTime":1679619446376,"message":"","name":"C:\\Users\\KamsAdmin\\PRJS\\Angular\\TestAngular\\src\\app\\components\\test-photo-capture\\test-photo-capture.component.spec.ts","startTime":1679619445972,"status":"passed","summary":""},{"assertionResults":[{"ancestorTitles":["ToUpperCasePipe"],"duration":3,"failureDetails":[],"failureMessages":[],"fullName":"ToUpperCasePipe create an instance","invocations":1,"location":null,"numPassingAsserts":1,"retryReasons":[],"status":"passed","title":"create an instance"},{"ancestorTitles":["ToUpperCasePipe"],"duration":1,"failureDetails":[],"failureMessages":[],"fullName":"ToUpperCasePipe Value to be transformed should not be empty","invocations":1,"location":null,"numPassingAsserts":1,"retryReasons":[],"status":"passed","title":"Value to be transformed should not be empty"},{"ancestorTitles":["ToUpperCasePipe"],"duration":1,"failureDetails":[],"failureMessages":[],"fullName":"ToUpperCasePipe transform abc def ghi to Abc Def Ghi","invocations":1,"location":null,"numPassingAsserts":1,"retryReasons":[],"status":"passed","title":"transform abc def ghi to Abc Def Ghi"}],"endTime":1679619446749,"message":"","name":"C:\\Users\\KamsAdmin\\PRJS\\Angular\\TestAngular\\src\\app\\pipes\\to-upper-case.pipe.spec.ts","startTime":1679619446405,"status":"passed","summary":""},{"assertionResults":[{"ancestorTitles":["UserLanguagesService"],"duration":13,"failureDetails":[],"failureMessages":[],"fullName":"UserLanguagesService should be created","invocations":1,"location":null,"numPassingAsserts":1,"retryReasons":[],"status":"passed","title":"should be created"}],"endTime":1679619447126,"message":"","name":"C:\\Users\\KamsAdmin\\PRJS\\Angular\\TestAngular\\src\\app\\services\\user-languages.service.spec.ts","startTime":1679619446781,"status":"passed","summary":""},{"assertionResults":[{"ancestorTitles":["ChangeColorDirective"],"duration":2,"failureDetails":[],"failureMessages":[],"fullName":"ChangeColorDirective should create an instance","invocations":1,"location":null,"numPassingAsserts":0,"retryReasons":[],"status":"passed","title":"should create an instance"}],"endTime":1679619447489,"message":"","name":"C:\\Users\\KamsAdmin\\PRJS\\Angular\\TestAngular\\src\\app\\directives\\change-color.directive.spec.ts","startTime":1679619447153,"status":"passed","summary":""},{"assertionResults":[{"ancestorTitles":["DirectiveUnitTestDirective"],"duration":1,"failureDetails":[],"failureMessages":[],"fullName":"DirectiveUnitTestDirective should create an instance","invocations":1,"location":null,"numPassingAsserts":0,"retryReasons":[],"status":"passed","title":"should create an instance"}],"endTime":1679619447940,"message":"","name":"C:\\Users\\KamsAdmin\\PRJS\\Angular\\TestAngular\\src\\app\\directives\\directive-unit-test.directive.spec.ts","startTime":1679619447519,"status":"passed","summary":""},{"assertionResults":[],"coverage":{},"endTime":1679619450565,"message":"  \u001b[1m● \u001b[22mTest suite failed to run\n\n    Cannot find module 'src/app/models/liveswitch.config' from 'src/app/components/test-liveswitch-sdk/test-liveswitch-sdk.component.ts'\n\n    Require stack:\n      src/app/components/test-liveswitch-sdk/test-liveswitch-sdk.component.ts\n      src/app/components/test-liveswitch-sdk/test-liveswitch-sdk.component.spec.ts\n\n    \u001b[0m \u001b[90m 1 |\u001b[39m \u001b[36mimport\u001b[39m { \u001b[33mComponent\u001b[39m\u001b[33m,\u001b[39m \u001b[33mOnInit\u001b[39m } \u001b[36mfrom\u001b[39m \u001b[32m'@angular/core'\u001b[39m\u001b[33m;\u001b[39m\u001b[0m\n    \u001b[0m \u001b[90m 2 |\u001b[39m \u001b[36mimport\u001b[39m liveSwitchSdk \u001b[36mfrom\u001b[39m \u001b[32m'fm.liveswitch'\u001b[39m\u001b[33m;\u001b[39m\u001b[0m\n    \u001b[0m\u001b[31m\u001b[1m>\u001b[22m\u001b[39m\u001b[90m 3 |\u001b[39m \u001b[36mimport\u001b[39m { \u001b[33mLiveswitchConfig\u001b[39m } \u001b[36mfrom\u001b[39m \u001b[32m'src/app/models/liveswitch.config'\u001b[39m\u001b[33m;\u001b[39m\u001b[0m\n    \u001b[0m \u001b[90m   |\u001b[39m \u001b[31m\u001b[1m^\u001b[22m\u001b[39m\u001b[0m\n    \u001b[0m \u001b[90m 4 |\u001b[39m \u001b[90m//import { LiveswitchConfig } from ''\u001b[39m\u001b[0m\n    \u001b[0m \u001b[90m 5 |\u001b[39m\u001b[0m\n    \u001b[0m \u001b[90m 6 |\u001b[39m \u001b[33m@\u001b[39m\u001b[33mComponent\u001b[39m({\u001b[0m\n\n      \u001b[2mat Resolver._throwModNotFoundError (\u001b[22mnode_modules/jest-resolve/build/resolver.js\u001b[2m:427:11)\u001b[22m\n      \u001b[2mat Object.<anonymous> (\u001b[22msrc/app/components/test-liveswitch-sdk/test-liveswitch-sdk.component.ts\u001b[2m:3:1)\u001b[22m\n      \u001b[2mat Object.<anonymous> (\u001b[22m\u001b[0m\u001b[36msrc/app/components/test-liveswitch-sdk/test-liveswitch-sdk.component.spec.ts\u001b[39m\u001b[0m\u001b[2m:3:1)\u001b[22m\n","name":"C:\\Users\\KamsAdmin\\PRJS\\Angular\\TestAngular\\src\\app\\components\\test-liveswitch-sdk\\test-liveswitch-sdk.component.spec.ts","startTime":1679619450565,"status":"failed","summary":""},{"assertionResults":[],"coverage":{},"endTime":1679619450565,"message":"  \u001b[1m● \u001b[22mTest suite failed to run\n\n    \u001b[96msrc/app/components/test-google-maps/test-google-maps.component.ts\u001b[0m:\u001b[93m16\u001b[0m:\u001b[93m13\u001b[0m - \u001b[91merror\u001b[0m\u001b[90m TS2503: \u001b[0mCannot find namespace 'google'.\n\n    \u001b[7m16\u001b[0m  mapOptions:google.maps.MapOptions;\n    \u001b[7m  \u001b[0m \u001b[91m            ~~~~~~\u001b[0m\n    \u001b[96msrc/app/components/test-google-maps/test-google-maps.component.ts\u001b[0m:\u001b[93m20\u001b[0m:\u001b[93m26\u001b[0m - \u001b[91merror\u001b[0m\u001b[90m TS2304: \u001b[0mCannot find name 'google'.\n\n    \u001b[7m20\u001b[0m  directionsService = new google.maps.DirectionsService();\n    \u001b[7m  \u001b[0m \u001b[91m                         ~~~~~~\u001b[0m\n    \u001b[96msrc/app/components/test-google-maps/test-google-maps.component.ts\u001b[0m:\u001b[93m21\u001b[0m:\u001b[93m20\u001b[0m - \u001b[91merror\u001b[0m\u001b[90m TS2503: \u001b[0mCannot find namespace 'google'.\n\n    \u001b[7m21\u001b[0m  directionRequest!:google.maps.DirectionsRequest;\n    \u001b[7m  \u001b[0m \u001b[91m                   ~~~~~~\u001b[0m\n    \u001b[96msrc/app/components/test-google-maps/test-google-maps.component.ts\u001b[0m:\u001b[93m46\u001b[0m:\u001b[93m12\u001b[0m - \u001b[91merror\u001b[0m\u001b[90m TS2304: \u001b[0mCannot find name 'google'.\n\n    \u001b[7m46\u001b[0m     return google.maps.geometry.spherical.computeDistanceBetween(pointA, pointB);\n    \u001b[7m  \u001b[0m \u001b[91m           ~~~~~~\u001b[0m\n    \u001b[96msrc/app/components/test-google-maps/test-google-maps.component.ts\u001b[0m:\u001b[93m53\u001b[0m:\u001b[93m22\u001b[0m - \u001b[91merror\u001b[0m\u001b[90m TS2304: \u001b[0mCannot find name 'google'.\n\n    \u001b[7m53\u001b[0m     let origin = new google.maps.LatLng(-1.221912368984167,36.8782713029769);\n    \u001b[7m  \u001b[0m \u001b[91m                     ~~~~~~\u001b[0m\n    \u001b[96msrc/app/components/test-google-maps/test-google-maps.component.ts\u001b[0m:\u001b[93m54\u001b[0m:\u001b[93m27\u001b[0m - \u001b[91merror\u001b[0m\u001b[90m TS2304: \u001b[0mCannot find name 'google'.\n\n    \u001b[7m54\u001b[0m     let destination = new google.maps.LatLng(-1.2182989695224158,36.712920987942354);\n    \u001b[7m  \u001b[0m \u001b[91m                          ~~~~~~\u001b[0m\n    \u001b[96msrc/app/components/test-google-maps/test-google-maps.component.ts\u001b[0m:\u001b[93m58\u001b[0m:\u001b[93m19\u001b[0m - \u001b[91merror\u001b[0m\u001b[90m TS2304: \u001b[0mCannot find name 'google'.\n\n    \u001b[7m58\u001b[0m       travelMode: google.maps.TravelMode.DRIVING,\n    \u001b[7m  \u001b[0m \u001b[91m                  ~~~~~~\u001b[0m\n    \u001b[96msrc/app/components/test-google-maps/test-google-maps.component.ts\u001b[0m:\u001b[93m61\u001b[0m:\u001b[93m23\u001b[0m - \u001b[91merror\u001b[0m\u001b[90m TS2304: \u001b[0mCannot find name 'google'.\n\n    \u001b[7m61\u001b[0m         trafficModel: google.maps.TrafficModel.OPTIMISTIC\n    \u001b[7m  \u001b[0m \u001b[91m                      ~~~~~~\u001b[0m\n    \u001b[96msrc/app/components/test-google-maps/test-google-maps.component.ts\u001b[0m:\u001b[93m73\u001b[0m:\u001b[93m68\u001b[0m - \u001b[91merror\u001b[0m\u001b[90m TS2503: \u001b[0mCannot find namespace 'google'.\n\n    \u001b[7m73\u001b[0m     this.directionsService.route(this.directionRequest,(dirResults:google.maps.DirectionsResult|null,dirStatus:google.maps.DirectionsStatus)=>{\n    \u001b[7m  \u001b[0m \u001b[91m                                                                   ~~~~~~\u001b[0m\n    \u001b[96msrc/app/components/test-google-maps/test-google-maps.component.ts\u001b[0m:\u001b[93m73\u001b[0m:\u001b[93m112\u001b[0m - \u001b[91merror\u001b[0m\u001b[90m TS2503: \u001b[0mCannot find namespace 'google'.\n\n    \u001b[7m73\u001b[0m     this.directionsService.route(this.directionRequest,(dirResults:google.maps.DirectionsResult|null,dirStatus:google.maps.DirectionsStatus)=>{\n    \u001b[7m  \u001b[0m \u001b[91m                                                                                                               ~~~~~~\u001b[0m\n","name":"C:\\Users\\KamsAdmin\\PRJS\\Angular\\TestAngular\\src\\app\\components\\test-google-maps\\test-google-maps.component.spec.ts","startTime":1679619450565,"status":"failed","summary":""},{"assertionResults":[],"coverage":{},"endTime":1679619450565,"message":"  \u001b[1m● \u001b[22mTest suite failed to run\n\n    \u001b[1m\u001b[31mJest encountered an unexpected token\u001b[39m\u001b[22m\n\n    Jest failed to parse a file. This happens e.g. when your code or its dependencies use non-standard JavaScript syntax, or when Jest is not configured to support such syntax.\n\n    Out of the box Jest supports Babel, which will be used to transform your files into valid JS based on your Babel configuration.\n\n    By default \"node_modules\" folder is ignored by transformers.\n\n    Here's what you can do:\n     • If you are trying to use ECMAScript Modules, see \u001b[4mhttps://jestjs.io/docs/ecmascript-modules\u001b[24m for how to enable it.\n     • If you are trying to use TypeScript, see \u001b[4mhttps://jestjs.io/docs/getting-started#using-typescript\u001b[24m\n     • To have some of your \"node_modules\" files transformed, you can specify a custom \u001b[1m\"transformIgnorePatterns\"\u001b[22m in your config.\n     • If you need a custom transformation specify a \u001b[1m\"transform\"\u001b[22m option in your config.\n     • If you simply want to mock your non-JS modules (e.g. binary assets) you can stub them out with the \u001b[1m\"moduleNameMapper\"\u001b[22m config option.\n\n    You'll find more details and examples of these config options in the docs:\n    \u001b[36mhttps://jestjs.io/docs/configuration\u001b[39m\n    For information about custom transformations, see:\n    \u001b[36mhttps://jestjs.io/docs/code-transformation\u001b[39m\n\n    \u001b[1m\u001b[31mDetails:\u001b[39m\u001b[22m\n\n    C:\\Users\\KamsAdmin\\PRJS\\Angular\\TestAngular\\node_modules\\lodash-es\\lodash.js:10\n    export { default as add } from './add.js';\n    ^^^^^^\n\n    SyntaxError: Unexpected token 'export'\n\n    \u001b[0m \u001b[90m 1 |\u001b[39m \u001b[36mimport\u001b[39m { \u001b[33mAfterViewInit\u001b[39m\u001b[33m,\u001b[39m \u001b[33mComponent\u001b[39m\u001b[33m,\u001b[39m \u001b[33mElementRef\u001b[39m\u001b[33m,\u001b[39m \u001b[33mEventEmitter\u001b[39m\u001b[33m,\u001b[39m \u001b[33mInput\u001b[39m\u001b[33m,\u001b[39m \u001b[33mOnInit\u001b[39m\u001b[33m,\u001b[39m \u001b[33mOutput\u001b[39m\u001b[33m,\u001b[39m \u001b[33mViewChild\u001b[39m } \u001b[36mfrom\u001b[39m \u001b[32m'@angular/core'\u001b[39m\u001b[33m;\u001b[39m\u001b[0m\n    \u001b[0m\u001b[31m\u001b[1m>\u001b[22m\u001b[39m\u001b[90m 2 |\u001b[39m \u001b[36mimport\u001b[39m { \u001b[33mCanvasWhiteboardOptions\u001b[39m\u001b[33m,\u001b[39m \u001b[33mCanvasWhiteboardPoint\u001b[39m\u001b[33m,\u001b[39m \u001b[33mCanvasWhiteboardShapeOptions\u001b[39m\u001b[33m,\u001b[39m \u001b[33mCanvasWhiteboardShapeService\u001b[39m } \u001b[36mfrom\u001b[39m \u001b[32m'ng2-canvas-whiteboard'\u001b[39m\u001b[33m;\u001b[39m\u001b[0m\n    \u001b[0m \u001b[90m   |\u001b[39m \u001b[31m\u001b[1m^\u001b[22m\u001b[39m\u001b[0m\n    \u001b[0m \u001b[90m 3 |\u001b[39m \u001b[36mimport\u001b[39m { \u001b[33mRectangle\u001b[39m } \u001b[36mfrom\u001b[39m \u001b[32m'src/app/services/rectangle'\u001b[39m\u001b[33m;\u001b[39m\u001b[0m\n    \u001b[0m \u001b[90m 4 |\u001b[39m\u001b[0m\n    \u001b[0m \u001b[90m 5 |\u001b[39m \u001b[33m@\u001b[39m\u001b[33mComponent\u001b[39m({\u001b[0m\n\n      \u001b[2mat Runtime.createScriptFromCode (\u001b[22mnode_modules/jest-runtime/build/index.js\u001b[2m:1495:14)\u001b[22m\n      \u001b[2mat \u001b[22mnode_modules/ng2-canvas-whiteboard/bundles/ng2-canvas-whiteboard.umd.js\u001b[2m:2:207\u001b[22m\n      \u001b[2mat Object.<anonymous> (\u001b[22mnode_modules/ng2-canvas-whiteboard/bundles/ng2-canvas-whiteboard.umd.js\u001b[2m:5:2)\u001b[22m\n      \u001b[2mat Object.<anonymous> (\u001b[22msrc/app/components/test-canvas-drawing/test-canvas-drawing.component.ts\u001b[2m:2:1)\u001b[22m\n      \u001b[2mat Object.<anonymous> (\u001b[22m\u001b[0m\u001b[36msrc/app/components/test-canvas-drawing/test-canvas-drawing.component.spec.ts\u001b[39m\u001b[0m\u001b[2m:2:1)\u001b[22m\n","name":"C:\\Users\\KamsAdmin\\PRJS\\Angular\\TestAngular\\src\\app\\components\\test-canvas-drawing\\test-canvas-drawing.component.spec.ts","startTime":1679619450565,"status":"failed","summary":""},{"assertionResults":[],"coverage":{},"endTime":1679619450565,"message":"  \u001b[1m● \u001b[22mTest suite failed to run\n\n    \u001b[96msrc/app/components/home/home.component.spec.ts\u001b[0m:\u001b[93m12\u001b[0m:\u001b[93m33\u001b[0m - \u001b[91merror\u001b[0m\u001b[90m TS2554: \u001b[0mExpected 2 arguments, but got 1.\n\n    \u001b[7m12\u001b[0m   let mockUserService = jasmine.createSpyObj<UsersService>([\"computeSalary\"])\n    \u001b[7m  \u001b[0m \u001b[91m                                ~~~~~~~~~~~~~~~~~~~~~~~~~~~~~~~~~~~~~~~~~~~~~\u001b[0m\n\n      \u001b[96mnode_modules/@types/jest/index.d.ts\u001b[0m:\u001b[93m1598\u001b[0m:\u001b[93m48\u001b[0m\n        \u001b[7m1598\u001b[0m     function createSpyObj<T>(baseName: string, methodNames: any[]): T;\n        \u001b[7m    \u001b[0m \u001b[96m                                               ~~~~~~~~~~~~~~~~~~\u001b[0m\n        An argument for 'methodNames' was not provided.\n","name":"C:\\Users\\KamsAdmin\\PRJS\\Angular\\TestAngular\\src\\app\\components\\home\\home.component.spec.ts","startTime":1679619450565,"status":"failed","summary":""},{"assertionResults":[],"coverage":{},"endTime":1679619450565,"message":"  \u001b[1m● \u001b[22mTest suite failed to run\n\n    Cannot find module 'src/app/directives/directive-unit-test.directive' from 'src/app/components/component-unit-test/component-unit-test.component.spec.ts'\n\n    \u001b[0m \u001b[90m  8 |\u001b[39m \u001b[36mimport\u001b[39m { createSpyFromClass\u001b[33m,\u001b[39m \u001b[33mSpy\u001b[39m } \u001b[36mfrom\u001b[39m \u001b[32m'jest-auto-spies'\u001b[39m\u001b[33m;\u001b[39m\u001b[0m\n    \u001b[0m \u001b[90m  9 |\u001b[39m \u001b[36mimport\u001b[39m { \u001b[36mof\u001b[39m } \u001b[36mfrom\u001b[39m \u001b[32m'rxjs'\u001b[39m\u001b[33m;\u001b[39m\u001b[0m\n    \u001b[0m\u001b[31m\u001b[1m>\u001b[22m\u001b[39m\u001b[90m 10 |\u001b[39m \u001b[36mimport\u001b[39m { \u001b[33mDirectiveUnitTestDirective\u001b[39m } \u001b[36mfrom\u001b[39m \u001b[32m'src/app/directives/directive-unit-test.directive'\u001b[39m\u001b[33m;\u001b[39m\u001b[0m\n    \u001b[0m \u001b[90m    |\u001b[39m \u001b[31m\u001b[1m^\u001b[22m\u001b[39m\u001b[0m\n    \u001b[0m \u001b[90m 11 |\u001b[39m \u001b[36mimport\u001b[39m { \u001b[33mToUpperCasePipe\u001b[39m } \u001b[36mfrom\u001b[39m \u001b[32m'src/app/pipes/to-upper-case.pipe'\u001b[39m\u001b[33m;\u001b[39m\u001b[0m\n    \u001b[0m \u001b[90m 12 |\u001b[39m \u001b[36mimport\u001b[39m { \u001b[33mUsersService\u001b[39m } \u001b[36mfrom\u001b[39m \u001b[32m'src/app/services/users.service'\u001b[39m\u001b[33m;\u001b[39m\u001b[0m\n    \u001b[0m \u001b[90m 13 |\u001b[39m \u001b[36mimport\u001b[39m { \u001b[33mComponentUnitTestComponent\u001b[39m } \u001b[36mfrom\u001b[39m \u001b[32m'./component-unit-test.component'\u001b[39m\u001b[33m;\u001b[39m\u001b[0m\n\n      \u001b[2mat Resolver._throwModNotFoundError (\u001b[22mnode_modules/jest-resolve/build/resolver.js\u001b[2m:427:11)\u001b[22m\n      \u001b[2mat Object.<anonymous> (\u001b[22m\u001b[0m\u001b[36msrc/app/components/component-unit-test/component-unit-test.component.spec.ts\u001b[39m\u001b[0m\u001b[2m:10:1)\u001b[22m\n","name":"C:\\Users\\KamsAdmin\\PRJS\\Angular\\TestAngular\\src\\app\\components\\component-unit-test\\component-unit-test.component.spec.ts","startTime":1679619450565,"status":"failed","summary":""}],"wasInterrupted":false,"coverageMap":{"C:\\Users\\KamsAdmin\\PRJS\\Angular\\TestAngular\\src\\app\\services\\user-languages.service.ts":{"path":"C:\\Users\\KamsAdmin\\PRJS\\Angular\\TestAngular\\src\\app\\services\\user-languages.service.ts","statementMap":{"0":{"start":{"line":1,"column":0},"end":{"line":1,"column":43}},"1":{"start":{"line":6,"column":33},"end":{"line":26,"column":null}},"2":{"start":{"line":8,"column":2},"end":{"line":8,"column":22}},"3":{"start":{"line":11,"column":4},"end":{"line":11,"column":null}},"4":{"start":{"line":12,"column":4},"end":{"line":12,"column":null}},"5":{"start":{"line":18,"column":16},"end":{"line":18,"column":27}},"6":{"start":{"line":19,"column":4},"end":{"line":23,"column":null}},"7":{"start":{"line":20,"column":6},"end":{"line":22,"column":null}},"8":{"start":{"line":21,"column":7},"end":{"line":21,"column":30}},"9":{"start":{"line":24,"column":4},"end":{"line":24,"column":17}},"10":{"start":{"line":6,"column":13},"end":{"line":26,"column":null}},"11":{"start":{"line":6,"column":13},"end":{"line":6,"column":33}}},"fnMap":{"0":{"name":"(anonymous_0)","decl":{"start":{"line":10,"column":2},"end":{"line":10,"column":null}},"loc":{"start":{"line":10,"column":2},"end":{"line":14,"column":3}}},"1":{"name":"(anonymous_1)","decl":{"start":{"line":17,"column":3},"end":{"line":17,"column":15}},"loc":{"start":{"line":17,"column":29},"end":{"line":25,"column":3}}},"2":{"name":"(anonymous_2)","decl":{"start":{"line":19,"column":23},"end":{"line":19,"column":24}},"loc":{"start":{"line":19,"column":31},"end":{"line":23,"column":5}}}},"branchMap":{"0":{"loc":{"start":{"line":20,"column":6},"end":{"line":22,"column":null}},"type":"if","locations":[{"start":{"line":20,"column":6},"end":{"line":22,"column":null}}]}},"s":{"0":2,"1":2,"2":2,"3":2,"4":2,"5":0,"6":0,"7":0,"8":0,"9":0,"10":2,"11":2},"f":{"0":2,"1":0,"2":0},"b":{"0":[0]}},"C:\\Users\\KamsAdmin\\PRJS\\Angular\\TestAngular\\src\\app\\services\\users.service.ts":{"path":"C:\\Users\\KamsAdmin\\PRJS\\Angular\\TestAngular\\src\\app\\services\\users.service.ts","statementMap":{"0":{"start":{"line":1,"column":0},"end":{"line":1,"column":50}},"1":{"start":{"line":2,"column":0},"end":{"line":2,"column":43}},"2":{"start":{"line":3,"column":0},"end":{"line":3,"column":38}},"3":{"start":{"line":5,"column":0},"end":{"line":5,"column":64}},"4":{"start":{"line":10,"column":25},"end":{"line":84,"column":null}},"5":{"start":{"line":40,"column":22},"end":{"line":40,"column":37}},"6":{"start":{"line":40,"column":46},"end":{"line":40,"column":80}},"7":{"start":{"line":11,"column":2},"end":{"line":11,"column":26}},"8":{"start":{"line":12,"column":2},"end":{"line":12,"column":15}},"9":{"start":{"line":13,"column":2},"end":{"line":13,"column":27}},"10":{"start":{"line":14,"column":2},"end":{"line":14,"column":25}},"11":{"start":{"line":15,"column":2},"end":{"line":15,"column":58}},"12":{"start":{"line":16,"column":2},"end":{"line":38,"column":4}},"13":{"start":{"line":44,"column":13},"end":{"line":46,"column":6}},"14":{"start":{"line":45,"column":6},"end":{"line":45,"column":35}},"15":{"start":{"line":47,"column":4},"end":{"line":47,"column":14}},"16":{"start":{"line":52,"column":4},"end":{"line":52,"column":27}},"17":{"start":{"line":56,"column":4},"end":{"line":56,"column":23}},"18":{"start":{"line":61,"column":19},"end":{"line":61,"column":38}},"19":{"start":{"line":62,"column":5},"end":{"line":62,"column":20}},"20":{"start":{"line":67,"column":5},"end":{"line":67,"column":52}},"21":{"start":{"line":72,"column":18},"end":{"line":72,"column":57}},"22":{"start":{"line":73,"column":4},"end":{"line":73,"column":60}},"23":{"start":{"line":74,"column":4},"end":{"line":76,"column":null}},"24":{"start":{"line":75,"column":6},"end":{"line":75,"column":28}},"25":{"start":{"line":77,"column":4},"end":{"line":77,"column":32}},"26":{"start":{"line":10,"column":13},"end":{"line":84,"column":null}},"27":{"start":{"line":10,"column":13},"end":{"line":10,"column":25}}},"fnMap":{"0":{"name":"(anonymous_0)","decl":{"start":{"line":40,"column":2},"end":{"line":40,"column":22}},"loc":{"start":{"line":40,"column":80},"end":{"line":40,"column":85}}},"1":{"name":"(anonymous_1)","decl":{"start":{"line":43,"column":2},"end":{"line":43,"column":15}},"loc":{"start":{"line":43,"column":41},"end":{"line":48,"column":3}}},"2":{"name":"(anonymous_2)","decl":{"start":{"line":44,"column":30},"end":{"line":44,"column":31}},"loc":{"start":{"line":44,"column":48},"end":{"line":46,"column":5}}},"3":{"name":"(anonymous_3)","decl":{"start":{"line":50,"column":2},"end":{"line":50,"column":14}},"loc":{"start":{"line":50,"column":28},"end":{"line":53,"column":3}}},"4":{"name":"(anonymous_4)","decl":{"start":{"line":55,"column":2},"end":{"line":55,"column":16}},"loc":{"start":{"line":55,"column":27},"end":{"line":57,"column":3}}},"5":{"name":"(anonymous_5)","decl":{"start":{"line":60,"column":2},"end":{"line":60,"column":15}},"loc":{"start":{"line":60,"column":15},"end":{"line":63,"column":3}}},"6":{"name":"(anonymous_6)","decl":{"start":{"line":66,"column":3},"end":{"line":66,"column":19}},"loc":{"start":{"line":66,"column":33},"end":{"line":68,"column":3}}},"7":{"name":"(anonymous_7)","decl":{"start":{"line":71,"column":2},"end":{"line":71,"column":10}},"loc":{"start":{"line":71,"column":27},"end":{"line":78,"column":3}}},"8":{"name":"(anonymous_8)","decl":{"start":{"line":74,"column":35},"end":{"line":74,"column":36}},"loc":{"start":{"line":74,"column":44},"end":{"line":76,"column":5}}},"9":{"name":"(anonymous_9)","decl":{"start":{"line":80,"column":2},"end":{"line":80,"column":13}},"loc":{"start":{"line":80,"column":13},"end":{"line":82,"column":3}}}},"branchMap":{},"s":{"0":1,"1":1,"2":1,"3":1,"4":1,"5":3,"6":3,"7":3,"8":3,"9":3,"10":3,"11":3,"12":3,"13":1,"14":1,"15":1,"16":0,"17":0,"18":0,"19":0,"20":1,"21":1,"22":1,"23":1,"24":1,"25":1,"26":1,"27":1},"f":{"0":3,"1":1,"2":1,"3":0,"4":0,"5":0,"6":1,"7":1,"8":1,"9":0},"b":{}},"C:\\Users\\KamsAdmin\\PRJS\\Angular\\TestAngular\\src\\app\\components\\test-file-upload\\test-file-upload.component.ts":{"path":"C:\\Users\\KamsAdmin\\PRJS\\Angular\\TestAngular\\src\\app\\components\\test-file-upload\\test-file-upload.component.ts","statementMap":{"0":{"start":{"line":1,"column":0},"end":{"line":1,"column":50}},"1":{"start":{"line":8,"column":36},"end":{"line":46,"column":null}},"2":{"start":{"line":9,"column":3},"end":{"line":9,"column":44}},"3":{"start":{"line":10,"column":3},"end":{"line":10,"column":16}},"4":{"start":{"line":18,"column":5},"end":{"line":18,"column":76}},"5":{"start":{"line":21,"column":20},"end":{"line":21,"column":46}},"6":{"start":{"line":22,"column":5},"end":{"line":42,"column":null}},"7":{"start":{"line":23,"column":8},"end":{"line":23,"column":null}},"8":{"start":{"line":24,"column":8},"end":{"line":24,"column":41}},"9":{"start":{"line":27,"column":10},"end":{"line":42,"column":null}},"10":{"start":{"line":28,"column":6},"end":{"line":28,"column":null}},"11":{"start":{"line":29,"column":5},"end":{"line":29,"column":null}},"12":{"start":{"line":32,"column":6},"end":{"line":32,"column":null}},"13":{"start":{"line":33,"column":23},"end":{"line":33,"column":39}},"14":{"start":{"line":34,"column":6},"end":{"line":34,"column":54}},"15":{"start":{"line":35,"column":6},"end":{"line":37,"column":null}},"16":{"start":{"line":36,"column":8},"end":{"line":36,"column":37}},"17":{"start":{"line":38,"column":6},"end":{"line":38,"column":null}},"18":{"start":{"line":40,"column":6},"end":{"line":40,"column":67}},"19":{"start":{"line":8,"column":13},"end":{"line":46,"column":null}},"20":{"start":{"line":8,"column":13},"end":{"line":8,"column":36}}},"fnMap":{"0":{"name":"(anonymous_0)","decl":{"start":{"line":12,"column":2},"end":{"line":12,"column":18}},"loc":{"start":{"line":12,"column":2},"end":{"line":12,"column":19}}},"1":{"name":"(anonymous_1)","decl":{"start":{"line":14,"column":2},"end":{"line":14,"column":10}},"loc":{"start":{"line":14,"column":10},"end":{"line":15,"column":3}}},"2":{"name":"(anonymous_2)","decl":{"start":{"line":17,"column":2},"end":{"line":17,"column":21}},"loc":{"start":{"line":17,"column":31},"end":{"line":44,"column":3}}},"3":{"name":"(anonymous_3)","decl":{"start":{"line":35,"column":26},"end":{"line":35,"column":27}},"loc":{"start":{"line":35,"column":33},"end":{"line":37,"column":7}}}},"branchMap":{"0":{"loc":{"start":{"line":22,"column":5},"end":{"line":42,"column":null}},"type":"if","locations":[{"start":{"line":22,"column":5},"end":{"line":42,"column":null}},{"start":{"line":27,"column":10},"end":{"line":42,"column":null}}]},"1":{"loc":{"start":{"line":22,"column":8},"end":{"line":22,"column":67}},"type":"binary-expr","locations":[{"start":{"line":22,"column":8},"end":{"line":22,"column":30}},{"start":{"line":22,"column":34},"end":{"line":22,"column":67}}]},"2":{"loc":{"start":{"line":27,"column":10},"end":{"line":42,"column":null}},"type":"if","locations":[{"start":{"line":27,"column":10},"end":{"line":42,"column":null}},{"start":{"line":31,"column":8},"end":{"line":42,"column":null}}]}},"s":{"0":1,"1":1,"2":1,"3":1,"4":0,"5":0,"6":0,"7":0,"8":0,"9":0,"10":0,"11":0,"12":0,"13":0,"14":0,"15":0,"16":0,"17":0,"18":0,"19":1,"20":1},"f":{"0":1,"1":1,"2":0,"3":0},"b":{"0":[0,0],"1":[0,0],"2":[0,0]}},"C:\\Users\\KamsAdmin\\PRJS\\Angular\\TestAngular\\src\\app\\components\\test-file-upload\\test-file-upload.component.html":{"path":"C:\\Users\\KamsAdmin\\PRJS\\Angular\\TestAngular\\src\\app\\components\\test-file-upload\\test-file-upload.component.html","statementMap":{"0":{"start":{"line":1,"column":0},"end":{"line":1,"column":616}}},"fnMap":{},"branchMap":{},"s":{"0":1},"f":{},"b":{},"_coverageSchema":"1a1c01bbd47fc00a2c39e90264f33305004495a9","hash":"f6dcb6bb97f366ee4863caa0b203e8dab7255fb1"},"C:\\Users\\KamsAdmin\\PRJS\\Angular\\TestAngular\\src\\app\\app.component.ts":{"path":"C:\\Users\\KamsAdmin\\PRJS\\Angular\\TestAngular\\src\\app\\app.component.ts","statementMap":{"0":{"start":{"line":1,"column":0},"end":{"line":1,"column":42}},"1":{"start":{"line":8,"column":25},"end":{"line":10,"column":null}},"2":{"start":{"line":9,"column":2},"end":{"line":9,"column":24}},"3":{"start":{"line":8,"column":13},"end":{"line":10,"column":null}},"4":{"start":{"line":8,"column":13},"end":{"line":8,"column":25}}},"fnMap":{},"branchMap":{},"s":{"0":1,"1":1,"2":2,"3":1,"4":1},"f":{},"b":{}},"C:\\Users\\KamsAdmin\\PRJS\\Angular\\TestAngular\\src\\app\\app.component.html":{"path":"C:\\Users\\KamsAdmin\\PRJS\\Angular\\TestAngular\\src\\app\\app.component.html","statementMap":{"0":{"start":{"line":1,"column":0},"end":{"line":1,"column":54}}},"fnMap":{},"branchMap":{},"s":{"0":1},"f":{},"b":{},"_coverageSchema":"1a1c01bbd47fc00a2c39e90264f33305004495a9","hash":"e27200f4ac6566b9fa25e9d4066c6d7e70c22e05"},"C:\\Users\\KamsAdmin\\PRJS\\Angular\\TestAngular\\src\\app\\components\\test-mat-tables\\test-mat-tables.component.ts":{"path":"C:\\Users\\KamsAdmin\\PRJS\\Angular\\TestAngular\\src\\app\\components\\test-mat-tables\\test-mat-tables.component.ts","statementMap":{"0":{"start":{"line":1,"column":0},"end":{"line":1,"column":50}},"1":{"start":{"line":17,"column":35},"end":{"line":56,"column":null}},"2":{"start":{"line":18,"column":2},"end":{"line":18,"column":44}},"3":{"start":{"line":19,"column":2},"end":{"line":26,"column":4}},"4":{"start":{"line":28,"column":2},"end":{"line":28,"column":24}},"5":{"start":{"line":32,"column":4},"end":{"line":32,"column":160}},"6":{"start":{"line":33,"column":4},"end":{"line":33,"column":160}},"7":{"start":{"line":34,"column":4},"end":{"line":34,"column":162}},"8":{"start":{"line":35,"column":4},"end":{"line":35,"column":161}},"9":{"start":{"line":36,"column":4},"end":{"line":36,"column":161}},"10":{"start":{"line":37,"column":4},"end":{"line":37,"column":160}},"11":{"start":{"line":38,"column":4},"end":{"line":38,"column":162}},"12":{"start":{"line":39,"column":4},"end":{"line":39,"column":160}},"13":{"start":{"line":40,"column":4},"end":{"line":40,"column":160}},"14":{"start":{"line":41,"column":4},"end":{"line":41,"column":160}},"15":{"start":{"line":42,"column":4},"end":{"line":42,"column":160}},"16":{"start":{"line":43,"column":4},"end":{"line":43,"column":160}},"17":{"start":{"line":44,"column":4},"end":{"line":44,"column":160}},"18":{"start":{"line":45,"column":4},"end":{"line":45,"column":160}},"19":{"start":{"line":46,"column":4},"end":{"line":46,"column":160}},"20":{"start":{"line":17,"column":13},"end":{"line":56,"column":null}},"21":{"start":{"line":17,"column":13},"end":{"line":17,"column":35}}},"fnMap":{"0":{"name":"(anonymous_0)","decl":{"start":{"line":31,"column":2},"end":{"line":31,"column":null}},"loc":{"start":{"line":31,"column":2},"end":{"line":48,"column":3}}},"1":{"name":"(anonymous_1)","decl":{"start":{"line":50,"column":2},"end":{"line":50,"column":10}},"loc":{"start":{"line":50,"column":10},"end":{"line":52,"column":3}}}},"branchMap":{},"s":{"0":1,"1":1,"2":1,"3":1,"4":1,"5":1,"6":1,"7":1,"8":1,"9":1,"10":1,"11":1,"12":1,"13":1,"14":1,"15":1,"16":1,"17":1,"18":1,"19":1,"20":1,"21":1},"f":{"0":1,"1":1},"b":{}},"C:\\Users\\KamsAdmin\\PRJS\\Angular\\TestAngular\\src\\app\\components\\test-mat-tables\\test-mat-tables.component.html":{"path":"C:\\Users\\KamsAdmin\\PRJS\\Angular\\TestAngular\\src\\app\\components\\test-mat-tables\\test-mat-tables.component.html","statementMap":{"0":{"start":{"line":1,"column":0},"end":{"line":1,"column":2196}}},"fnMap":{},"branchMap":{},"s":{"0":1},"f":{},"b":{},"_coverageSchema":"1a1c01bbd47fc00a2c39e90264f33305004495a9","hash":"f7c46c6eac1047c544e92b9607c148d3f5c66c7f"},"C:\\Users\\KamsAdmin\\PRJS\\Angular\\TestAngular\\src\\app\\components\\test-directives\\test-directives.component.ts":{"path":"C:\\Users\\KamsAdmin\\PRJS\\Angular\\TestAngular\\src\\app\\components\\test-directives\\test-directives.component.ts","statementMap":{"0":{"start":{"line":1,"column":0},"end":{"line":1,"column":50}},"1":{"start":{"line":8,"column":36},"end":{"line":15,"column":null}},"2":{"start":{"line":8,"column":13},"end":{"line":15,"column":null}},"3":{"start":{"line":8,"column":13},"end":{"line":8,"column":36}}},"fnMap":{"0":{"name":"(anonymous_0)","decl":{"start":{"line":10,"column":2},"end":{"line":10,"column":18}},"loc":{"start":{"line":10,"column":2},"end":{"line":10,"column":19}}},"1":{"name":"(anonymous_1)","decl":{"start":{"line":12,"column":2},"end":{"line":12,"column":10}},"loc":{"start":{"line":12,"column":10},"end":{"line":13,"column":3}}}},"branchMap":{},"s":{"0":1,"1":1,"2":1,"3":1},"f":{"0":1,"1":1},"b":{}},"C:\\Users\\KamsAdmin\\PRJS\\Angular\\TestAngular\\src\\app\\components\\test-directives\\test-directives.component.html":{"path":"C:\\Users\\KamsAdmin\\PRJS\\Angular\\TestAngular\\src\\app\\components\\test-directives\\test-directives.component.html","statementMap":{"0":{"start":{"line":1,"column":0},"end":{"line":1,"column":361}}},"fnMap":{},"branchMap":{},"s":{"0":1},"f":{},"b":{},"_coverageSchema":"1a1c01bbd47fc00a2c39e90264f33305004495a9","hash":"338b0f798c22a287a8bf50e32219f49cb50a3107"},"C:\\Users\\KamsAdmin\\PRJS\\Angular\\TestAngular\\src\\app\\components\\test-image-magnifier\\test-image-magnifier.component.ts":{"path":"C:\\Users\\KamsAdmin\\PRJS\\Angular\\TestAngular\\src\\app\\components\\test-image-magnifier\\test-image-magnifier.component.ts","statementMap":{"0":{"start":{"line":1,"column":0},"end":{"line":1,"column":50}},"1":{"start":{"line":8,"column":40},"end":{"line":15,"column":null}},"2":{"start":{"line":8,"column":13},"end":{"line":15,"column":null}},"3":{"start":{"line":8,"column":13},"end":{"line":8,"column":40}}},"fnMap":{"0":{"name":"(anonymous_0)","decl":{"start":{"line":10,"column":2},"end":{"line":10,"column":18}},"loc":{"start":{"line":10,"column":2},"end":{"line":10,"column":19}}},"1":{"name":"(anonymous_1)","decl":{"start":{"line":12,"column":2},"end":{"line":12,"column":10}},"loc":{"start":{"line":12,"column":10},"end":{"line":13,"column":3}}}},"branchMap":{},"s":{"0":1,"1":1,"2":1,"3":1},"f":{"0":1,"1":1},"b":{}},"C:\\Users\\KamsAdmin\\PRJS\\Angular\\TestAngular\\src\\app\\components\\test-image-magnifier\\test-image-magnifier.component.html":{"path":"C:\\Users\\KamsAdmin\\PRJS\\Angular\\TestAngular\\src\\app\\components\\test-image-magnifier\\test-image-magnifier.component.html","statementMap":{"0":{"start":{"line":1,"column":0},"end":{"line":1,"column":359}}},"fnMap":{},"branchMap":{},"s":{"0":1},"f":{},"b":{},"_coverageSchema":"1a1c01bbd47fc00a2c39e90264f33305004495a9","hash":"58ee5707d86856c720beaec9d3eefd6518e201a5"},"C:\\Users\\KamsAdmin\\PRJS\\Angular\\TestAngular\\src\\app\\components\\unit-test-componenet\\unit-test-componenet.component.ts":{"path":"C:\\Users\\KamsAdmin\\PRJS\\Angular\\TestAngular\\src\\app\\components\\unit-test-componenet\\unit-test-componenet.component.ts","statementMap":{"0":{"start":{"line":1,"column":0},"end":{"line":1,"column":50}},"1":{"start":{"line":8,"column":40},"end":{"line":15,"column":null}},"2":{"start":{"line":8,"column":13},"end":{"line":15,"column":null}},"3":{"start":{"line":8,"column":13},"end":{"line":8,"column":40}}},"fnMap":{"0":{"name":"(anonymous_0)","decl":{"start":{"line":10,"column":2},"end":{"line":10,"column":18}},"loc":{"start":{"line":10,"column":2},"end":{"line":10,"column":19}}},"1":{"name":"(anonymous_1)","decl":{"start":{"line":12,"column":2},"end":{"line":12,"column":10}},"loc":{"start":{"line":12,"column":10},"end":{"line":13,"column":3}}}},"branchMap":{},"s":{"0":1,"1":1,"2":1,"3":1},"f":{"0":1,"1":1},"b":{}},"C:\\Users\\KamsAdmin\\PRJS\\Angular\\TestAngular\\src\\app\\components\\unit-test-componenet\\unit-test-componenet.component.html":{"path":"C:\\Users\\KamsAdmin\\PRJS\\Angular\\TestAngular\\src\\app\\components\\unit-test-componenet\\unit-test-componenet.component.html","statementMap":{"0":{"start":{"line":1,"column":0},"end":{"line":1,"column":53}}},"fnMap":{},"branchMap":{},"s":{"0":1},"f":{},"b":{},"_coverageSchema":"1a1c01bbd47fc00a2c39e90264f33305004495a9","hash":"3db5d627b2f4bc6ff726e168ba2a49160230c599"},"C:\\Users\\KamsAdmin\\PRJS\\Angular\\TestAngular\\src\\app\\components\\get-azure-adtoken\\get-azure-adtoken.component.ts":{"path":"C:\\Users\\KamsAdmin\\PRJS\\Angular\\TestAngular\\src\\app\\components\\get-azure-adtoken\\get-azure-adtoken.component.ts","statementMap":{"0":{"start":{"line":1,"column":0},"end":{"line":1,"column":50}},"1":{"start":{"line":8,"column":37},"end":{"line":15,"column":null}},"2":{"start":{"line":8,"column":13},"end":{"line":15,"column":null}},"3":{"start":{"line":8,"column":13},"end":{"line":8,"column":37}}},"fnMap":{"0":{"name":"(anonymous_0)","decl":{"start":{"line":10,"column":2},"end":{"line":10,"column":18}},"loc":{"start":{"line":10,"column":2},"end":{"line":10,"column":19}}},"1":{"name":"(anonymous_1)","decl":{"start":{"line":12,"column":2},"end":{"line":12,"column":10}},"loc":{"start":{"line":12,"column":10},"end":{"line":13,"column":3}}}},"branchMap":{},"s":{"0":1,"1":1,"2":1,"3":1},"f":{"0":1,"1":1},"b":{}},"C:\\Users\\KamsAdmin\\PRJS\\Angular\\TestAngular\\src\\app\\components\\get-azure-adtoken\\get-azure-adtoken.component.html":{"path":"C:\\Users\\KamsAdmin\\PRJS\\Angular\\TestAngular\\src\\app\\components\\get-azure-adtoken\\get-azure-adtoken.component.html","statementMap":{"0":{"start":{"line":1,"column":0},"end":{"line":1,"column":50}}},"fnMap":{},"branchMap":{},"s":{"0":1},"f":{},"b":{},"_coverageSchema":"1a1c01bbd47fc00a2c39e90264f33305004495a9","hash":"0cc743c46476dbb7361c870d88122395032559c1"},"C:\\Users\\KamsAdmin\\PRJS\\Angular\\TestAngular\\src\\app\\components\\test-photo-capture\\test-photo-capture.component.ts":{"path":"C:\\Users\\KamsAdmin\\PRJS\\Angular\\TestAngular\\src\\app\\components\\test-photo-capture\\test-photo-capture.component.ts","statementMap":{"0":{"start":{"line":1,"column":0},"end":{"line":1,"column":50}},"1":{"start":{"line":8,"column":38},"end":{"line":19,"column":null}},"2":{"start":{"line":8,"column":13},"end":{"line":19,"column":null}},"3":{"start":{"line":8,"column":13},"end":{"line":8,"column":38}}},"fnMap":{"0":{"name":"(anonymous_0)","decl":{"start":{"line":10,"column":2},"end":{"line":10,"column":18}},"loc":{"start":{"line":10,"column":2},"end":{"line":10,"column":19}}},"1":{"name":"(anonymous_1)","decl":{"start":{"line":12,"column":2},"end":{"line":12,"column":10}},"loc":{"start":{"line":12,"column":10},"end":{"line":13,"column":3}}},"2":{"name":"(anonymous_2)","decl":{"start":{"line":15,"column":2},"end":{"line":15,"column":11}},"loc":{"start":{"line":15,"column":11},"end":{"line":17,"column":3}}}},"branchMap":{},"s":{"0":1,"1":1,"2":1,"3":1},"f":{"0":1,"1":1,"2":0},"b":{}},"C:\\Users\\KamsAdmin\\PRJS\\Angular\\TestAngular\\src\\app\\components\\test-photo-capture\\test-photo-capture.component.html":{"path":"C:\\Users\\KamsAdmin\\PRJS\\Angular\\TestAngular\\src\\app\\components\\test-photo-capture\\test-photo-capture.component.html","statementMap":{"0":{"start":{"line":1,"column":0},"end":{"line":1,"column":82}}},"fnMap":{},"branchMap":{},"s":{"0":1},"f":{},"b":{},"_coverageSchema":"1a1c01bbd47fc00a2c39e90264f33305004495a9","hash":"ca0a0d321bbcafacf3b4e51c2d4953494d473dd1"},"C:\\Users\\KamsAdmin\\PRJS\\Angular\\TestAngular\\src\\app\\pipes\\to-upper-case.pipe.ts":{"path":"C:\\Users\\KamsAdmin\\PRJS\\Angular\\TestAngular\\src\\app\\pipes\\to-upper-case.pipe.ts","statementMap":{"0":{"start":{"line":1,"column":0},"end":{"line":1,"column":52}},"1":{"start":{"line":6,"column":28},"end":{"line":16,"column":null}},"2":{"start":{"line":7,"column":2},"end":{"line":7,"column":36}},"3":{"start":{"line":10,"column":4},"end":{"line":10,"column":34}},"4":{"start":{"line":12,"column":4},"end":{"line":13,"column":89}},"5":{"start":{"line":13,"column":36},"end":{"line":13,"column":85}},"6":{"start":{"line":6,"column":13},"end":{"line":16,"column":null}},"7":{"start":{"line":6,"column":13},"end":{"line":6,"column":28}}},"fnMap":{"0":{"name":"(anonymous_1)","decl":{"start":{"line":9,"column":2},"end":{"line":9,"column":11}},"loc":{"start":{"line":9,"column":25},"end":{"line":14,"column":3}}},"1":{"name":"(anonymous_2)","decl":{"start":{"line":13,"column":29},"end":{"line":13,"column":32}},"loc":{"start":{"line":13,"column":36},"end":{"line":13,"column":85}}}},"branchMap":{"0":{"loc":{"start":{"line":12,"column":11},"end":{"line":13,"column":88}},"type":"cond-expr","locations":[{"start":{"line":12,"column":32},"end":{"line":12,"column":34}},{"start":{"line":13,"column":4},"end":{"line":13,"column":88}}]}},"s":{"0":1,"1":1,"2":1,"3":1,"4":1,"5":3,"6":1,"7":1},"f":{"0":1,"1":3},"b":{"0":[0,1]}}}}
